{"/Users/ngwilliam/Documents/Interview/hotel-data-merge/src/server.ts": {"path":"/Users/ngwilliam/Documents/Interview/hotel-data-merge/src/server.ts","all":true,"statementMap":{"0":{"start":{"line":1,"column":0},"end":{"line":1,"column":30}},"1":{"start":{"line":2,"column":0},"end":{"line":2,"column":24}},"2":{"start":{"line":3,"column":0},"end":{"line":3,"column":37}},"3":{"start":{"line":4,"column":0},"end":{"line":4,"column":28}},"4":{"start":{"line":5,"column":0},"end":{"line":5,"column":32}},"6":{"start":{"line":7,"column":0},"end":{"line":7,"column":16}},"9":{"start":{"line":10,"column":0},"end":{"line":10,"column":22}},"10":{"start":{"line":11,"column":0},"end":{"line":11,"column":16}},"13":{"start":{"line":14,"column":0},"end":{"line":14,"column":27}},"14":{"start":{"line":15,"column":0},"end":{"line":15,"column":18}},"15":{"start":{"line":16,"column":0},"end":{"line":16,"column":24}},"16":{"start":{"line":17,"column":0},"end":{"line":17,"column":60}},"17":{"start":{"line":18,"column":0},"end":{"line":18,"column":3}},"19":{"start":{"line":20,"column":0},"end":{"line":20,"column":17}},"20":{"start":{"line":21,"column":0},"end":{"line":21,"column":19}}},"s":{"0":0,"1":0,"2":0,"3":0,"4":0,"6":0,"9":0,"10":0,"13":0,"14":0,"15":0,"16":0,"17":0,"19":0,"20":0},"branchMap":{"0":{"type":"branch","line":1,"loc":{"start":{"line":1,"column":0},"end":{"line":21,"column":-351}},"locations":[{"start":{"line":1,"column":0},"end":{"line":21,"column":-351}}]}},"b":{"0":[0]},"fnMap":{"0":{"name":"(empty-report)","decl":{"start":{"line":1,"column":0},"end":{"line":21,"column":-351}},"loc":{"start":{"line":1,"column":0},"end":{"line":21,"column":-351}},"line":1}},"f":{"0":0}}
,"/Users/ngwilliam/Documents/Interview/hotel-data-merge/src/controllers/hotels.controller.ts": {"path":"/Users/ngwilliam/Documents/Interview/hotel-data-merge/src/controllers/hotels.controller.ts","all":false,"statementMap":{"0":{"start":{"line":1,"column":0},"end":{"line":1,"column":44}},"1":{"start":{"line":2,"column":0},"end":{"line":2,"column":24}},"2":{"start":{"line":3,"column":0},"end":{"line":3,"column":44}},"3":{"start":{"line":4,"column":0},"end":{"line":4,"column":38}},"6":{"start":{"line":7,"column":0},"end":{"line":7,"column":65}},"7":{"start":{"line":8,"column":0},"end":{"line":8,"column":27}},"8":{"start":{"line":9,"column":0},"end":{"line":9,"column":13}},"9":{"start":{"line":10,"column":0},"end":{"line":10,"column":31}},"10":{"start":{"line":11,"column":0},"end":{"line":11,"column":33}},"11":{"start":{"line":12,"column":0},"end":{"line":12,"column":6}},"12":{"start":{"line":13,"column":0},"end":{"line":13,"column":14}},"13":{"start":{"line":14,"column":0},"end":{"line":14,"column":12}},"14":{"start":{"line":15,"column":0},"end":{"line":15,"column":34}},"15":{"start":{"line":16,"column":0},"end":{"line":16,"column":54}},"16":{"start":{"line":17,"column":0},"end":{"line":17,"column":54}},"17":{"start":{"line":18,"column":0},"end":{"line":18,"column":6}},"19":{"start":{"line":20,"column":0},"end":{"line":20,"column":50}},"21":{"start":{"line":22,"column":0},"end":{"line":22,"column":23}},"22":{"start":{"line":23,"column":0},"end":{"line":23,"column":17}},"23":{"start":{"line":24,"column":0},"end":{"line":24,"column":41}},"24":{"start":{"line":25,"column":0},"end":{"line":25,"column":6}},"25":{"start":{"line":26,"column":0},"end":{"line":26,"column":30}},"26":{"start":{"line":27,"column":0},"end":{"line":27,"column":36}},"27":{"start":{"line":28,"column":0},"end":{"line":28,"column":34}},"28":{"start":{"line":29,"column":0},"end":{"line":29,"column":7}},"29":{"start":{"line":30,"column":0},"end":{"line":30,"column":51}},"30":{"start":{"line":31,"column":0},"end":{"line":31,"column":7}},"31":{"start":{"line":32,"column":0},"end":{"line":32,"column":2}},"33":{"start":{"line":34,"column":0},"end":{"line":34,"column":79}},"34":{"start":{"line":35,"column":0},"end":{"line":35,"column":28}},"35":{"start":{"line":36,"column":0},"end":{"line":36,"column":34}},"36":{"start":{"line":37,"column":0},"end":{"line":37,"column":64}},"37":{"start":{"line":38,"column":0},"end":{"line":38,"column":33}},"38":{"start":{"line":39,"column":0},"end":{"line":39,"column":10}},"39":{"start":{"line":40,"column":0},"end":{"line":40,"column":24}},"40":{"start":{"line":41,"column":0},"end":{"line":41,"column":13}},"41":{"start":{"line":42,"column":0},"end":{"line":42,"column":35}},"42":{"start":{"line":43,"column":0},"end":{"line":43,"column":74}},"43":{"start":{"line":44,"column":0},"end":{"line":44,"column":33}},"44":{"start":{"line":45,"column":0},"end":{"line":45,"column":3}},"45":{"start":{"line":46,"column":0},"end":{"line":46,"column":2}}},"s":{"0":1,"1":1,"2":1,"3":1,"6":1,"7":3,"8":3,"9":3,"10":3,"11":3,"12":3,"13":3,"14":3,"15":3,"16":3,"17":3,"19":3,"21":3,"22":3,"23":2,"24":3,"25":3,"26":1,"27":1,"28":1,"29":1,"30":3,"31":3,"33":1,"34":2,"35":1,"36":1,"37":1,"38":1,"39":1,"40":1,"41":1,"42":1,"43":1,"44":1,"45":2},"branchMap":{"0":{"type":"branch","line":7,"loc":{"start":{"line":7,"column":25},"end":{"line":32,"column":2}},"locations":[{"start":{"line":7,"column":25},"end":{"line":32,"column":2}}]},"1":{"type":"branch","line":15,"loc":{"start":{"line":15,"column":6},"end":{"line":16,"column":54}},"locations":[{"start":{"line":15,"column":6},"end":{"line":16,"column":54}}]},"2":{"type":"branch","line":16,"loc":{"start":{"line":16,"column":11},"end":{"line":16,"column":37}},"locations":[{"start":{"line":16,"column":11},"end":{"line":16,"column":37}}]},"3":{"type":"branch","line":16,"loc":{"start":{"line":16,"column":31},"end":{"line":16,"column":54}},"locations":[{"start":{"line":16,"column":31},"end":{"line":16,"column":54}}]},"4":{"type":"branch","line":23,"loc":{"start":{"line":23,"column":10},"end":{"line":25,"column":5}},"locations":[{"start":{"line":23,"column":10},"end":{"line":25,"column":5}}]},"5":{"type":"branch","line":26,"loc":{"start":{"line":26,"column":11},"end":{"line":31,"column":5}},"locations":[{"start":{"line":26,"column":11},"end":{"line":31,"column":5}}]},"6":{"type":"branch","line":34,"loc":{"start":{"line":34,"column":29},"end":{"line":46,"column":2}},"locations":[{"start":{"line":34,"column":29},"end":{"line":46,"column":2}}]},"7":{"type":"branch","line":35,"loc":{"start":{"line":35,"column":14},"end":{"line":35,"column":27}},"locations":[{"start":{"line":35,"column":14},"end":{"line":35,"column":27}}]},"8":{"type":"branch","line":35,"loc":{"start":{"line":35,"column":27},"end":{"line":45,"column":3}},"locations":[{"start":{"line":35,"column":27},"end":{"line":45,"column":3}}]},"9":{"type":"branch","line":37,"loc":{"start":{"line":37,"column":35},"end":{"line":37,"column":62}},"locations":[{"start":{"line":37,"column":35},"end":{"line":37,"column":62}}]}},"b":{"0":[3],"1":[3],"2":[2],"3":[1],"4":[2],"5":[1],"6":[2],"7":[1],"8":[1],"9":[1]},"fnMap":{"0":{"name":"getHotels","decl":{"start":{"line":7,"column":25},"end":{"line":32,"column":2}},"loc":{"start":{"line":7,"column":25},"end":{"line":32,"column":2}},"line":7},"1":{"name":"__vite_ssr_import_0__.z.object.partial.refine.message","decl":{"start":{"line":15,"column":6},"end":{"line":16,"column":54}},"loc":{"start":{"line":15,"column":6},"end":{"line":16,"column":54}},"line":15},"2":{"name":"getHotelsByCondition","decl":{"start":{"line":34,"column":29},"end":{"line":46,"column":2}},"loc":{"start":{"line":34,"column":29},"end":{"line":46,"column":2}},"line":34}},"f":{"0":3,"1":3,"2":2}}
,"/Users/ngwilliam/Documents/Interview/hotel-data-merge/src/controllers/index.ts": {"path":"/Users/ngwilliam/Documents/Interview/hotel-data-merge/src/controllers/index.ts","all":true,"statementMap":{"0":{"start":{"line":1,"column":0},"end":{"line":1,"column":36}}},"s":{"0":0},"branchMap":{"0":{"type":"branch","line":1,"loc":{"start":{"line":1,"column":0},"end":{"line":1,"column":14}},"locations":[{"start":{"line":1,"column":0},"end":{"line":1,"column":14}}]}},"b":{"0":[0]},"fnMap":{"0":{"name":"(empty-report)","decl":{"start":{"line":1,"column":0},"end":{"line":1,"column":14}},"loc":{"start":{"line":1,"column":0},"end":{"line":1,"column":14}},"line":1}},"f":{"0":0}}
,"/Users/ngwilliam/Documents/Interview/hotel-data-merge/src/interfaces/index.ts": {"path":"/Users/ngwilliam/Documents/Interview/hotel-data-merge/src/interfaces/index.ts","all":true,"statementMap":{},"s":{},"branchMap":{"0":{"type":"branch","line":1,"loc":{"start":{"line":1,"column":1818},"end":{"line":95,"column":36}},"locations":[{"start":{"line":1,"column":1818},"end":{"line":95,"column":36}}]}},"b":{"0":[1]},"fnMap":{"0":{"name":"(empty-report)","decl":{"start":{"line":1,"column":1818},"end":{"line":95,"column":36}},"loc":{"start":{"line":1,"column":1818},"end":{"line":95,"column":36}},"line":1}},"f":{"0":1}}
,"/Users/ngwilliam/Documents/Interview/hotel-data-merge/src/routers/index.ts": {"path":"/Users/ngwilliam/Documents/Interview/hotel-data-merge/src/routers/index.ts","all":true,"statementMap":{"0":{"start":{"line":1,"column":0},"end":{"line":1,"column":33}},"1":{"start":{"line":2,"column":0},"end":{"line":2,"column":43}},"3":{"start":{"line":4,"column":0},"end":{"line":4,"column":25}},"4":{"start":{"line":5,"column":0},"end":{"line":5,"column":19}},"5":{"start":{"line":6,"column":0},"end":{"line":6,"column":35}},"7":{"start":{"line":8,"column":0},"end":{"line":8,"column":23}}},"s":{"0":0,"1":0,"3":0,"4":0,"5":0,"7":0},"branchMap":{"0":{"type":"branch","line":1,"loc":{"start":{"line":1,"column":185},"end":{"line":8,"column":23}},"locations":[{"start":{"line":1,"column":185},"end":{"line":8,"column":23}}]}},"b":{"0":[0]},"fnMap":{"0":{"name":"(empty-report)","decl":{"start":{"line":1,"column":185},"end":{"line":8,"column":23}},"loc":{"start":{"line":1,"column":185},"end":{"line":8,"column":23}},"line":1}},"f":{"0":0}}
,"/Users/ngwilliam/Documents/Interview/hotel-data-merge/src/services/hotels.service.ts": {"path":"/Users/ngwilliam/Documents/Interview/hotel-data-merge/src/services/hotels.service.ts","all":false,"statementMap":{"0":{"start":{"line":1,"column":0},"end":{"line":1,"column":26}},"7":{"start":{"line":8,"column":0},"end":{"line":8,"column":71}},"9":{"start":{"line":10,"column":0},"end":{"line":10,"column":42}},"10":{"start":{"line":11,"column":0},"end":{"line":11,"column":49}},"14":{"start":{"line":15,"column":0},"end":{"line":15,"column":41}},"15":{"start":{"line":16,"column":0},"end":{"line":16,"column":19}},"16":{"start":{"line":17,"column":0},"end":{"line":17,"column":2}},"18":{"start":{"line":19,"column":0},"end":{"line":19,"column":45}},"19":{"start":{"line":20,"column":0},"end":{"line":20,"column":24}},"20":{"start":{"line":21,"column":0},"end":{"line":21,"column":65}},"21":{"start":{"line":22,"column":0},"end":{"line":22,"column":70}},"22":{"start":{"line":23,"column":0},"end":{"line":23,"column":71}},"23":{"start":{"line":24,"column":0},"end":{"line":24,"column":4}},"24":{"start":{"line":25,"column":0},"end":{"line":25,"column":38}},"25":{"start":{"line":26,"column":0},"end":{"line":26,"column":45}},"26":{"start":{"line":27,"column":0},"end":{"line":27,"column":20}},"27":{"start":{"line":28,"column":0},"end":{"line":28,"column":25}},"28":{"start":{"line":29,"column":0},"end":{"line":29,"column":5}},"31":{"start":{"line":32,"column":0},"end":{"line":32,"column":58}},"32":{"start":{"line":33,"column":0},"end":{"line":33,"column":22}},"33":{"start":{"line":34,"column":0},"end":{"line":34,"column":40}},"34":{"start":{"line":35,"column":0},"end":{"line":35,"column":29}},"35":{"start":{"line":36,"column":0},"end":{"line":36,"column":50}},"36":{"start":{"line":37,"column":0},"end":{"line":37,"column":29}},"37":{"start":{"line":38,"column":0},"end":{"line":38,"column":52}},"38":{"start":{"line":39,"column":0},"end":{"line":39,"column":5}},"40":{"start":{"line":41,"column":0},"end":{"line":41,"column":15}},"41":{"start":{"line":42,"column":0},"end":{"line":42,"column":9}},"42":{"start":{"line":43,"column":0},"end":{"line":43,"column":2}},"44":{"start":{"line":45,"column":0},"end":{"line":45,"column":55}},"48":{"start":{"line":49,"column":0},"end":{"line":49,"column":7}},"49":{"start":{"line":50,"column":0},"end":{"line":50,"column":62}},"52":{"start":{"line":53,"column":0},"end":{"line":53,"column":8}},"53":{"start":{"line":54,"column":0},"end":{"line":54,"column":67}},"54":{"start":{"line":55,"column":0},"end":{"line":55,"column":33}},"55":{"start":{"line":56,"column":0},"end":{"line":56,"column":3}},"56":{"start":{"line":57,"column":0},"end":{"line":57,"column":2}}},"s":{"0":1,"7":1,"9":1,"10":1,"14":1,"15":1,"16":1,"18":1,"19":3,"20":3,"21":3,"22":3,"23":3,"24":3,"25":3,"26":3,"27":1,"28":3,"31":2,"32":6,"33":2,"34":6,"35":2,"36":2,"37":2,"38":2,"40":6,"41":2,"42":2,"44":1,"48":1,"49":1,"52":1,"53":3,"54":3,"55":3,"56":1},"branchMap":{"0":{"type":"branch","line":10,"loc":{"start":{"line":10,"column":29},"end":{"line":17,"column":2}},"locations":[{"start":{"line":10,"column":29},"end":{"line":17,"column":2}}]},"1":{"type":"branch","line":19,"loc":{"start":{"line":19,"column":32},"end":{"line":43,"column":2}},"locations":[{"start":{"line":19,"column":32},"end":{"line":43,"column":2}}]},"2":{"type":"branch","line":29,"loc":{"start":{"line":29,"column":3},"end":{"line":43,"column":2}},"locations":[{"start":{"line":29,"column":3},"end":{"line":43,"column":2}}]},"3":{"type":"branch","line":26,"loc":{"start":{"line":26,"column":21},"end":{"line":26,"column":44}},"locations":[{"start":{"line":26,"column":21},"end":{"line":26,"column":44}}]},"4":{"type":"branch","line":27,"loc":{"start":{"line":27,"column":10},"end":{"line":29,"column":3}},"locations":[{"start":{"line":27,"column":10},"end":{"line":29,"column":3}}]},"5":{"type":"branch","line":32,"loc":{"start":{"line":32,"column":26},"end":{"line":42,"column":5}},"locations":[{"start":{"line":32,"column":26},"end":{"line":42,"column":5}}]},"6":{"type":"branch","line":33,"loc":{"start":{"line":33,"column":21},"end":{"line":35,"column":15}},"locations":[{"start":{"line":33,"column":21},"end":{"line":35,"column":15}}]},"7":{"type":"branch","line":35,"loc":{"start":{"line":35,"column":4},"end":{"line":39,"column":5}},"locations":[{"start":{"line":35,"column":4},"end":{"line":39,"column":5}}]},"8":{"type":"branch","line":35,"loc":{"start":{"line":35,"column":28},"end":{"line":39,"column":5}},"locations":[{"start":{"line":35,"column":28},"end":{"line":39,"column":5}}]},"9":{"type":"branch","line":45,"loc":{"start":{"line":45,"column":39},"end":{"line":57,"column":2}},"locations":[{"start":{"line":45,"column":39},"end":{"line":57,"column":2}}]},"10":{"type":"branch","line":53,"loc":{"start":{"line":53,"column":7},"end":{"line":56,"column":3}},"locations":[{"start":{"line":53,"column":7},"end":{"line":56,"column":3}}]}},"b":{"0":[1],"1":[3],"2":[2],"3":[9],"4":[1],"5":[6],"6":[2],"7":[4],"8":[2],"9":[1],"10":[3]},"fnMap":{"0":{"name":"getHotelsData","decl":{"start":{"line":10,"column":29},"end":{"line":17,"column":2}},"loc":{"start":{"line":10,"column":29},"end":{"line":17,"column":2}},"line":10},"1":{"name":"loadSupplierData","decl":{"start":{"line":19,"column":32},"end":{"line":43,"column":2}},"loc":{"start":{"line":19,"column":32},"end":{"line":43,"column":2}},"line":19},"2":{"name":"supplierDataIntegration","decl":{"start":{"line":45,"column":39},"end":{"line":57,"column":2}},"loc":{"start":{"line":45,"column":39},"end":{"line":57,"column":2}},"line":45}},"f":{"0":1,"1":3,"2":1}}
,"/Users/ngwilliam/Documents/Interview/hotel-data-merge/src/services/index.ts": {"path":"/Users/ngwilliam/Documents/Interview/hotel-data-merge/src/services/index.ts","all":false,"statementMap":{"0":{"start":{"line":1,"column":0},"end":{"line":1,"column":33}}},"s":{"0":1},"branchMap":{},"b":{},"fnMap":{},"f":{}}
,"/Users/ngwilliam/Documents/Interview/hotel-data-merge/src/utils/hotels.util.ts": {"path":"/Users/ngwilliam/Documents/Interview/hotel-data-merge/src/utils/hotels.util.ts","all":false,"statementMap":{"0":{"start":{"line":1,"column":0},"end":{"line":1,"column":8}},"9":{"start":{"line":10,"column":0},"end":{"line":10,"column":38}},"11":{"start":{"line":12,"column":0},"end":{"line":12,"column":67}},"12":{"start":{"line":13,"column":0},"end":{"line":13,"column":30}},"13":{"start":{"line":14,"column":0},"end":{"line":14,"column":6}},"14":{"start":{"line":15,"column":0},"end":{"line":15,"column":79}},"15":{"start":{"line":16,"column":0},"end":{"line":16,"column":21}},"16":{"start":{"line":17,"column":0},"end":{"line":17,"column":19}},"17":{"start":{"line":18,"column":0},"end":{"line":18,"column":42}},"18":{"start":{"line":19,"column":0},"end":{"line":19,"column":48}},"19":{"start":{"line":20,"column":0},"end":{"line":20,"column":17}},"20":{"start":{"line":21,"column":0},"end":{"line":21,"column":59}},"21":{"start":{"line":22,"column":0},"end":{"line":22,"column":50}},"22":{"start":{"line":23,"column":0},"end":{"line":23,"column":59}},"23":{"start":{"line":24,"column":0},"end":{"line":24,"column":69}},"24":{"start":{"line":25,"column":0},"end":{"line":25,"column":17}},"25":{"start":{"line":26,"column":0},"end":{"line":26,"column":74}},"26":{"start":{"line":27,"column":0},"end":{"line":27,"column":18}},"27":{"start":{"line":28,"column":0},"end":{"line":28,"column":76}},"28":{"start":{"line":29,"column":0},"end":{"line":29,"column":8}},"29":{"start":{"line":30,"column":0},"end":{"line":30,"column":69}},"30":{"start":{"line":31,"column":0},"end":{"line":31,"column":69}},"31":{"start":{"line":32,"column":0},"end":{"line":32,"column":17}},"32":{"start":{"line":33,"column":0},"end":{"line":33,"column":16}},"33":{"start":{"line":34,"column":0},"end":{"line":34,"column":6}},"34":{"start":{"line":35,"column":0},"end":{"line":35,"column":15}},"35":{"start":{"line":36,"column":0},"end":{"line":36,"column":9}},"36":{"start":{"line":37,"column":0},"end":{"line":37,"column":2}},"38":{"start":{"line":39,"column":0},"end":{"line":39,"column":72}},"39":{"start":{"line":40,"column":0},"end":{"line":40,"column":35}},"40":{"start":{"line":41,"column":0},"end":{"line":41,"column":6}},"41":{"start":{"line":42,"column":0},"end":{"line":42,"column":78}},"42":{"start":{"line":43,"column":0},"end":{"line":43,"column":21}},"43":{"start":{"line":44,"column":0},"end":{"line":44,"column":19}},"44":{"start":{"line":45,"column":0},"end":{"line":45,"column":40}},"45":{"start":{"line":46,"column":0},"end":{"line":46,"column":48}},"46":{"start":{"line":47,"column":0},"end":{"line":47,"column":17}},"47":{"start":{"line":48,"column":0},"end":{"line":48,"column":59}},"48":{"start":{"line":49,"column":0},"end":{"line":49,"column":52}},"49":{"start":{"line":50,"column":0},"end":{"line":50,"column":53}},"50":{"start":{"line":51,"column":0},"end":{"line":51,"column":8}},"51":{"start":{"line":52,"column":0},"end":{"line":52,"column":55}},"52":{"start":{"line":53,"column":0},"end":{"line":53,"column":32}},"53":{"start":{"line":54,"column":0},"end":{"line":54,"column":62}},"54":{"start":{"line":55,"column":0},"end":{"line":55,"column":13}},"55":{"start":{"line":56,"column":0},"end":{"line":56,"column":15}},"56":{"start":{"line":57,"column":0},"end":{"line":57,"column":49}},"57":{"start":{"line":58,"column":0},"end":{"line":58,"column":18}},"58":{"start":{"line":59,"column":0},"end":{"line":59,"column":26}},"59":{"start":{"line":60,"column":0},"end":{"line":60,"column":39}},"60":{"start":{"line":61,"column":0},"end":{"line":61,"column":12}},"61":{"start":{"line":62,"column":0},"end":{"line":62,"column":11}},"62":{"start":{"line":63,"column":0},"end":{"line":63,"column":62}},"63":{"start":{"line":64,"column":0},"end":{"line":64,"column":18}},"64":{"start":{"line":65,"column":0},"end":{"line":65,"column":31}},"65":{"start":{"line":66,"column":0},"end":{"line":66,"column":44}},"66":{"start":{"line":67,"column":0},"end":{"line":67,"column":12}},"67":{"start":{"line":68,"column":0},"end":{"line":68,"column":11}},"68":{"start":{"line":69,"column":0},"end":{"line":69,"column":8}},"69":{"start":{"line":70,"column":0},"end":{"line":70,"column":16}},"70":{"start":{"line":71,"column":0},"end":{"line":71,"column":6}},"71":{"start":{"line":72,"column":0},"end":{"line":72,"column":15}},"72":{"start":{"line":73,"column":0},"end":{"line":73,"column":9}},"73":{"start":{"line":74,"column":0},"end":{"line":74,"column":2}},"75":{"start":{"line":76,"column":0},"end":{"line":76,"column":73}},"76":{"start":{"line":77,"column":0},"end":{"line":77,"column":36}},"77":{"start":{"line":78,"column":0},"end":{"line":78,"column":6}},"79":{"start":{"line":80,"column":0},"end":{"line":80,"column":78}},"80":{"start":{"line":81,"column":0},"end":{"line":81,"column":72}},"81":{"start":{"line":82,"column":0},"end":{"line":82,"column":22}},"82":{"start":{"line":83,"column":0},"end":{"line":83,"column":6}},"84":{"start":{"line":85,"column":0},"end":{"line":85,"column":66}},"85":{"start":{"line":86,"column":0},"end":{"line":86,"column":22}},"86":{"start":{"line":87,"column":0},"end":{"line":87,"column":6}},"87":{"start":{"line":88,"column":0},"end":{"line":88,"column":77}},"88":{"start":{"line":89,"column":0},"end":{"line":89,"column":27}},"89":{"start":{"line":90,"column":0},"end":{"line":90,"column":25}},"90":{"start":{"line":91,"column":0},"end":{"line":91,"column":43}},"91":{"start":{"line":92,"column":0},"end":{"line":92,"column":60}},"92":{"start":{"line":93,"column":0},"end":{"line":93,"column":17}},"93":{"start":{"line":94,"column":0},"end":{"line":94,"column":77}},"94":{"start":{"line":95,"column":0},"end":{"line":95,"column":77}},"95":{"start":{"line":96,"column":0},"end":{"line":96,"column":8}},"96":{"start":{"line":97,"column":0},"end":{"line":97,"column":61}},"97":{"start":{"line":98,"column":0},"end":{"line":98,"column":40}},"98":{"start":{"line":99,"column":0},"end":{"line":99,"column":15}},"99":{"start":{"line":100,"column":0},"end":{"line":100,"column":49}},"100":{"start":{"line":101,"column":0},"end":{"line":101,"column":18}},"101":{"start":{"line":102,"column":0},"end":{"line":102,"column":27}},"102":{"start":{"line":103,"column":0},"end":{"line":103,"column":35}},"103":{"start":{"line":104,"column":0},"end":{"line":104,"column":12}},"104":{"start":{"line":105,"column":0},"end":{"line":105,"column":11}},"105":{"start":{"line":106,"column":0},"end":{"line":106,"column":52}},"106":{"start":{"line":107,"column":0},"end":{"line":107,"column":18}},"107":{"start":{"line":108,"column":0},"end":{"line":108,"column":27}},"108":{"start":{"line":109,"column":0},"end":{"line":109,"column":35}},"109":{"start":{"line":110,"column":0},"end":{"line":110,"column":12}},"110":{"start":{"line":111,"column":0},"end":{"line":111,"column":11}},"111":{"start":{"line":112,"column":0},"end":{"line":112,"column":8}},"112":{"start":{"line":113,"column":0},"end":{"line":113,"column":66}},"113":{"start":{"line":114,"column":0},"end":{"line":114,"column":6}},"114":{"start":{"line":115,"column":0},"end":{"line":115,"column":15}},"115":{"start":{"line":116,"column":0},"end":{"line":116,"column":9}},"116":{"start":{"line":117,"column":0},"end":{"line":117,"column":2}},"118":{"start":{"line":119,"column":0},"end":{"line":119,"column":43}},"120":{"start":{"line":121,"column":0},"end":{"line":121,"column":5}},"121":{"start":{"line":122,"column":0},"end":{"line":122,"column":34}},"122":{"start":{"line":123,"column":0},"end":{"line":123,"column":44}},"123":{"start":{"line":124,"column":0},"end":{"line":124,"column":46}},"124":{"start":{"line":125,"column":0},"end":{"line":125,"column":2}},"126":{"start":{"line":127,"column":0},"end":{"line":127,"column":31}},"127":{"start":{"line":128,"column":0},"end":{"line":128,"column":49}},"128":{"start":{"line":129,"column":0},"end":{"line":129,"column":6}},"129":{"start":{"line":130,"column":0},"end":{"line":130,"column":63}},"130":{"start":{"line":131,"column":0},"end":{"line":131,"column":50}},"131":{"start":{"line":132,"column":0},"end":{"line":132,"column":25}},"132":{"start":{"line":133,"column":0},"end":{"line":133,"column":28}},"133":{"start":{"line":134,"column":0},"end":{"line":134,"column":12}},"134":{"start":{"line":135,"column":0},"end":{"line":135,"column":78}},"135":{"start":{"line":136,"column":0},"end":{"line":136,"column":58}},"136":{"start":{"line":137,"column":0},"end":{"line":137,"column":45}},"137":{"start":{"line":138,"column":0},"end":{"line":138,"column":31}},"138":{"start":{"line":139,"column":0},"end":{"line":139,"column":8}},"139":{"start":{"line":140,"column":0},"end":{"line":140,"column":55}},"140":{"start":{"line":141,"column":0},"end":{"line":141,"column":42}},"141":{"start":{"line":142,"column":0},"end":{"line":142,"column":28}},"142":{"start":{"line":143,"column":0},"end":{"line":143,"column":8}},"143":{"start":{"line":144,"column":0},"end":{"line":144,"column":58}},"144":{"start":{"line":145,"column":0},"end":{"line":145,"column":45}},"145":{"start":{"line":146,"column":0},"end":{"line":146,"column":31}},"146":{"start":{"line":147,"column":0},"end":{"line":147,"column":8}},"147":{"start":{"line":148,"column":0},"end":{"line":148,"column":62}},"148":{"start":{"line":149,"column":0},"end":{"line":149,"column":49}},"149":{"start":{"line":150,"column":0},"end":{"line":150,"column":35}},"150":{"start":{"line":151,"column":0},"end":{"line":151,"column":8}},"151":{"start":{"line":152,"column":0},"end":{"line":152,"column":65}},"152":{"start":{"line":153,"column":0},"end":{"line":153,"column":40}},"153":{"start":{"line":154,"column":0},"end":{"line":154,"column":32}},"154":{"start":{"line":155,"column":0},"end":{"line":155,"column":8}},"155":{"start":{"line":156,"column":0},"end":{"line":156,"column":66}},"156":{"start":{"line":157,"column":0},"end":{"line":157,"column":41}},"157":{"start":{"line":158,"column":0},"end":{"line":158,"column":33}},"158":{"start":{"line":159,"column":0},"end":{"line":159,"column":8}},"159":{"start":{"line":160,"column":0},"end":{"line":160,"column":53}},"160":{"start":{"line":161,"column":0},"end":{"line":161,"column":34}},"161":{"start":{"line":162,"column":0},"end":{"line":162,"column":25}},"162":{"start":{"line":163,"column":0},"end":{"line":163,"column":8}},"163":{"start":{"line":164,"column":0},"end":{"line":164,"column":53}},"164":{"start":{"line":165,"column":0},"end":{"line":165,"column":32}},"165":{"start":{"line":166,"column":0},"end":{"line":166,"column":23}},"166":{"start":{"line":167,"column":0},"end":{"line":167,"column":8}},"167":{"start":{"line":168,"column":0},"end":{"line":168,"column":47}},"168":{"start":{"line":169,"column":0},"end":{"line":169,"column":36}},"169":{"start":{"line":170,"column":0},"end":{"line":170,"column":27}},"170":{"start":{"line":171,"column":0},"end":{"line":171,"column":8}},"171":{"start":{"line":172,"column":0},"end":{"line":172,"column":51}},"172":{"start":{"line":173,"column":0},"end":{"line":173,"column":40}},"173":{"start":{"line":174,"column":0},"end":{"line":174,"column":31}},"174":{"start":{"line":175,"column":0},"end":{"line":175,"column":8}},"175":{"start":{"line":176,"column":0},"end":{"line":176,"column":75}},"176":{"start":{"line":177,"column":0},"end":{"line":177,"column":36}},"177":{"start":{"line":178,"column":0},"end":{"line":178,"column":5}},"178":{"start":{"line":179,"column":0},"end":{"line":179,"column":3}},"179":{"start":{"line":180,"column":0},"end":{"line":180,"column":2}},"181":{"start":{"line":182,"column":0},"end":{"line":182,"column":28}},"182":{"start":{"line":183,"column":0},"end":{"line":183,"column":24}},"183":{"start":{"line":184,"column":0},"end":{"line":184,"column":30}},"184":{"start":{"line":185,"column":0},"end":{"line":185,"column":6}},"185":{"start":{"line":186,"column":0},"end":{"line":186,"column":61}},"186":{"start":{"line":187,"column":0},"end":{"line":187,"column":14}},"187":{"start":{"line":188,"column":0},"end":{"line":188,"column":20}},"188":{"start":{"line":189,"column":0},"end":{"line":189,"column":2}},"190":{"start":{"line":191,"column":0},"end":{"line":191,"column":34}},"191":{"start":{"line":192,"column":0},"end":{"line":192,"column":36}},"192":{"start":{"line":193,"column":0},"end":{"line":193,"column":27}},"193":{"start":{"line":194,"column":0},"end":{"line":194,"column":6}},"194":{"start":{"line":195,"column":0},"end":{"line":195,"column":42}},"195":{"start":{"line":196,"column":0},"end":{"line":196,"column":25}},"196":{"start":{"line":197,"column":0},"end":{"line":197,"column":10}},"197":{"start":{"line":198,"column":0},"end":{"line":198,"column":17}},"198":{"start":{"line":199,"column":0},"end":{"line":199,"column":3}},"199":{"start":{"line":200,"column":0},"end":{"line":200,"column":2}},"202":{"start":{"line":203,"column":0},"end":{"line":203,"column":30}},"203":{"start":{"line":204,"column":0},"end":{"line":204,"column":30}},"204":{"start":{"line":205,"column":0},"end":{"line":205,"column":36}},"205":{"start":{"line":206,"column":0},"end":{"line":206,"column":6}},"206":{"start":{"line":207,"column":0},"end":{"line":207,"column":33}},"208":{"start":{"line":209,"column":0},"end":{"line":209,"column":39}},"209":{"start":{"line":210,"column":0},"end":{"line":210,"column":45}},"210":{"start":{"line":211,"column":0},"end":{"line":211,"column":39}},"211":{"start":{"line":212,"column":0},"end":{"line":212,"column":5}},"213":{"start":{"line":214,"column":0},"end":{"line":214,"column":35}},"214":{"start":{"line":215,"column":0},"end":{"line":215,"column":45}},"215":{"start":{"line":216,"column":0},"end":{"line":216,"column":39}},"216":{"start":{"line":217,"column":0},"end":{"line":217,"column":5}},"218":{"start":{"line":219,"column":0},"end":{"line":219,"column":43}},"219":{"start":{"line":220,"column":0},"end":{"line":220,"column":2}},"222":{"start":{"line":223,"column":0},"end":{"line":223,"column":42}},"223":{"start":{"line":224,"column":0},"end":{"line":224,"column":39}},"224":{"start":{"line":225,"column":0},"end":{"line":225,"column":2}},"226":{"start":{"line":227,"column":0},"end":{"line":227,"column":21}},"227":{"start":{"line":228,"column":0},"end":{"line":228,"column":43}},"228":{"start":{"line":229,"column":0},"end":{"line":229,"column":37}},"229":{"start":{"line":230,"column":0},"end":{"line":230,"column":6}},"230":{"start":{"line":231,"column":0},"end":{"line":231,"column":27}},"232":{"start":{"line":233,"column":0},"end":{"line":233,"column":38}},"233":{"start":{"line":234,"column":0},"end":{"line":234,"column":33}},"234":{"start":{"line":235,"column":0},"end":{"line":235,"column":5}},"236":{"start":{"line":237,"column":0},"end":{"line":237,"column":33}},"237":{"start":{"line":238,"column":0},"end":{"line":238,"column":33}},"238":{"start":{"line":239,"column":0},"end":{"line":239,"column":5}},"240":{"start":{"line":241,"column":0},"end":{"line":241,"column":37}},"241":{"start":{"line":242,"column":0},"end":{"line":242,"column":2}},"243":{"start":{"line":244,"column":0},"end":{"line":244,"column":27}},"244":{"start":{"line":245,"column":0},"end":{"line":245,"column":38}},"245":{"start":{"line":246,"column":0},"end":{"line":246,"column":32}},"246":{"start":{"line":247,"column":0},"end":{"line":247,"column":16}},"247":{"start":{"line":248,"column":0},"end":{"line":248,"column":34}},"248":{"start":{"line":249,"column":0},"end":{"line":249,"column":64}},"249":{"start":{"line":250,"column":0},"end":{"line":250,"column":3}},"250":{"start":{"line":251,"column":0},"end":{"line":251,"column":35}},"251":{"start":{"line":252,"column":0},"end":{"line":252,"column":20}},"252":{"start":{"line":253,"column":0},"end":{"line":253,"column":3}},"253":{"start":{"line":254,"column":0},"end":{"line":254,"column":35}},"254":{"start":{"line":255,"column":0},"end":{"line":255,"column":25}},"255":{"start":{"line":256,"column":0},"end":{"line":256,"column":3}},"256":{"start":{"line":257,"column":0},"end":{"line":257,"column":12}},"257":{"start":{"line":258,"column":0},"end":{"line":258,"column":2}}},"s":{"0":1,"9":1,"11":1,"12":1,"13":1,"14":1,"15":3,"16":3,"17":3,"18":3,"19":3,"20":3,"21":3,"22":3,"23":3,"24":3,"25":3,"26":3,"27":3,"28":3,"29":3,"30":3,"31":3,"32":3,"33":3,"34":3,"35":1,"36":1,"38":1,"39":1,"40":1,"41":1,"42":2,"43":2,"44":2,"45":2,"46":2,"47":2,"48":2,"49":2,"50":2,"51":2,"52":2,"53":1,"54":1,"55":2,"56":2,"57":4,"58":4,"59":4,"60":4,"61":2,"62":2,"63":3,"64":3,"65":3,"66":3,"67":2,"68":2,"69":2,"70":2,"71":2,"72":1,"73":1,"75":1,"76":1,"77":1,"79":1,"80":3,"81":16,"82":3,"84":3,"85":15,"86":3,"87":3,"88":3,"89":3,"90":3,"91":3,"92":3,"93":3,"94":3,"95":3,"96":3,"97":3,"98":3,"99":3,"100":6,"101":6,"102":6,"103":6,"104":3,"105":3,"106":6,"107":6,"108":6,"109":6,"110":3,"111":3,"112":3,"113":3,"114":3,"115":1,"116":1,"118":1,"120":1,"121":1,"122":1,"123":1,"124":1,"126":1,"127":3,"128":3,"129":3,"130":8,"131":8,"132":3,"133":8,"134":5,"135":5,"136":5,"137":5,"138":5,"139":5,"140":5,"141":5,"142":5,"143":5,"144":5,"145":5,"146":5,"147":5,"148":5,"149":5,"150":5,"151":5,"152":5,"153":5,"154":5,"155":5,"156":5,"157":5,"158":5,"159":5,"160":5,"161":5,"162":5,"163":5,"164":5,"165":5,"166":5,"167":5,"168":5,"169":5,"170":5,"171":5,"172":5,"173":5,"174":5,"175":5,"176":5,"177":5,"178":8,"179":3,"181":1,"182":30,"183":30,"184":30,"185":30,"186":8,"187":22,"188":30,"190":1,"191":10,"192":10,"193":10,"194":10,"195":6,"196":10,"197":4,"198":4,"199":10,"202":1,"203":5,"204":5,"205":5,"206":5,"208":5,"209":22,"210":22,"211":5,"213":5,"214":38,"215":38,"216":5,"218":5,"219":5,"222":1,"223":60,"224":60,"226":1,"227":10,"228":10,"229":10,"230":10,"232":10,"233":7,"234":10,"236":10,"237":19,"238":10,"240":10,"241":10,"243":1,"244":8,"245":8,"246":8,"247":8,"248":5,"249":5,"250":8,"251":1,"252":1,"253":8,"254":1,"255":1,"256":1,"257":1},"branchMap":{"0":{"type":"branch","line":12,"loc":{"start":{"line":12,"column":66},"end":{"line":37,"column":2}},"locations":[{"start":{"line":12,"column":66},"end":{"line":37,"column":2}}]},"1":{"type":"branch","line":15,"loc":{"start":{"line":15,"column":30},"end":{"line":36,"column":5}},"locations":[{"start":{"line":15,"column":30},"end":{"line":36,"column":5}}]},"2":{"type":"branch","line":19,"loc":{"start":{"line":19,"column":41},"end":{"line":19,"column":48}},"locations":[{"start":{"line":19,"column":41},"end":{"line":19,"column":48}}]},"3":{"type":"branch","line":21,"loc":{"start":{"line":21,"column":52},"end":{"line":21,"column":59}},"locations":[{"start":{"line":21,"column":52},"end":{"line":21,"column":59}}]},"4":{"type":"branch","line":22,"loc":{"start":{"line":22,"column":43},"end":{"line":22,"column":50}},"locations":[{"start":{"line":22,"column":43},"end":{"line":22,"column":50}}]},"5":{"type":"branch","line":23,"loc":{"start":{"line":23,"column":52},"end":{"line":23,"column":59}},"locations":[{"start":{"line":23,"column":52},"end":{"line":23,"column":59}}]},"6":{"type":"branch","line":24,"loc":{"start":{"line":24,"column":62},"end":{"line":24,"column":69}},"locations":[{"start":{"line":24,"column":62},"end":{"line":24,"column":69}}]},"7":{"type":"branch","line":26,"loc":{"start":{"line":26,"column":36},"end":{"line":26,"column":64}},"locations":[{"start":{"line":26,"column":36},"end":{"line":26,"column":64}}]},"8":{"type":"branch","line":26,"loc":{"start":{"line":26,"column":53},"end":{"line":26,"column":74}},"locations":[{"start":{"line":26,"column":53},"end":{"line":26,"column":74}}]},"9":{"type":"branch","line":28,"loc":{"start":{"line":28,"column":37},"end":{"line":28,"column":66}},"locations":[{"start":{"line":28,"column":37},"end":{"line":28,"column":66}}]},"10":{"type":"branch","line":28,"loc":{"start":{"line":28,"column":54},"end":{"line":28,"column":76}},"locations":[{"start":{"line":28,"column":54},"end":{"line":28,"column":76}}]},"11":{"type":"branch","line":30,"loc":{"start":{"line":30,"column":62},"end":{"line":30,"column":69}},"locations":[{"start":{"line":30,"column":62},"end":{"line":30,"column":69}}]},"12":{"type":"branch","line":31,"loc":{"start":{"line":31,"column":38},"end":{"line":31,"column":67}},"locations":[{"start":{"line":31,"column":38},"end":{"line":31,"column":67}}]},"13":{"type":"branch","line":39,"loc":{"start":{"line":39,"column":71},"end":{"line":74,"column":2}},"locations":[{"start":{"line":39,"column":71},"end":{"line":74,"column":2}}]},"14":{"type":"branch","line":42,"loc":{"start":{"line":42,"column":29},"end":{"line":73,"column":5}},"locations":[{"start":{"line":42,"column":29},"end":{"line":73,"column":5}}]},"15":{"type":"branch","line":46,"loc":{"start":{"line":46,"column":41},"end":{"line":46,"column":48}},"locations":[{"start":{"line":46,"column":41},"end":{"line":46,"column":48}}]},"16":{"type":"branch","line":48,"loc":{"start":{"line":48,"column":23},"end":{"line":48,"column":56}},"locations":[{"start":{"line":48,"column":23},"end":{"line":48,"column":56}}]},"17":{"type":"branch","line":48,"loc":{"start":{"line":48,"column":52},"end":{"line":48,"column":59}},"locations":[{"start":{"line":48,"column":52},"end":{"line":48,"column":59}}]},"18":{"type":"branch","line":49,"loc":{"start":{"line":49,"column":36},"end":{"line":49,"column":52}},"locations":[{"start":{"line":49,"column":36},"end":{"line":49,"column":52}}]},"19":{"type":"branch","line":50,"loc":{"start":{"line":50,"column":37},"end":{"line":50,"column":53}},"locations":[{"start":{"line":50,"column":37},"end":{"line":50,"column":53}}]},"20":{"type":"branch","line":52,"loc":{"start":{"line":52,"column":25},"end":{"line":52,"column":52}},"locations":[{"start":{"line":52,"column":25},"end":{"line":52,"column":52}}]},"21":{"type":"branch","line":52,"loc":{"start":{"line":52,"column":48},"end":{"line":52,"column":55}},"locations":[{"start":{"line":52,"column":48},"end":{"line":52,"column":55}}]},"22":{"type":"branch","line":53,"loc":{"start":{"line":53,"column":23},"end":{"line":54,"column":62}},"locations":[{"start":{"line":53,"column":23},"end":{"line":54,"column":62}}]},"23":{"type":"branch","line":54,"loc":{"start":{"line":54,"column":61},"end":{"line":55,"column":13}},"locations":[{"start":{"line":54,"column":61},"end":{"line":55,"column":13}}]},"24":{"type":"branch","line":54,"loc":{"start":{"line":54,"column":30},"end":{"line":54,"column":61}},"locations":[{"start":{"line":54,"column":30},"end":{"line":54,"column":61}}]},"25":{"type":"branch","line":57,"loc":{"start":{"line":57,"column":38},"end":{"line":62,"column":9}},"locations":[{"start":{"line":57,"column":38},"end":{"line":62,"column":9}}]},"26":{"type":"branch","line":63,"loc":{"start":{"line":63,"column":46},"end":{"line":68,"column":9}},"locations":[{"start":{"line":63,"column":46},"end":{"line":68,"column":9}}]},"27":{"type":"branch","line":76,"loc":{"start":{"line":76,"column":72},"end":{"line":117,"column":2}},"locations":[{"start":{"line":76,"column":72},"end":{"line":117,"column":2}}]},"28":{"type":"branch","line":80,"loc":{"start":{"line":80,"column":29},"end":{"line":116,"column":5}},"locations":[{"start":{"line":80,"column":29},"end":{"line":116,"column":5}}]},"29":{"type":"branch","line":92,"loc":{"start":{"line":92,"column":53},"end":{"line":92,"column":60}},"locations":[{"start":{"line":92,"column":53},"end":{"line":92,"column":60}}]},"30":{"type":"branch","line":94,"loc":{"start":{"line":94,"column":70},"end":{"line":94,"column":77}},"locations":[{"start":{"line":94,"column":70},"end":{"line":94,"column":77}}]},"31":{"type":"branch","line":95,"loc":{"start":{"line":95,"column":70},"end":{"line":95,"column":77}},"locations":[{"start":{"line":95,"column":70},"end":{"line":95,"column":77}}]},"32":{"type":"branch","line":97,"loc":{"start":{"line":97,"column":54},"end":{"line":97,"column":61}},"locations":[{"start":{"line":97,"column":54},"end":{"line":97,"column":61}}]},"33":{"type":"branch","line":81,"loc":{"start":{"line":81,"column":58},"end":{"line":82,"column":22}},"locations":[{"start":{"line":81,"column":58},"end":{"line":82,"column":22}}]},"34":{"type":"branch","line":85,"loc":{"start":{"line":85,"column":52},"end":{"line":86,"column":22}},"locations":[{"start":{"line":85,"column":52},"end":{"line":86,"column":22}}]},"35":{"type":"branch","line":100,"loc":{"start":{"line":100,"column":38},"end":{"line":105,"column":9}},"locations":[{"start":{"line":100,"column":38},"end":{"line":105,"column":9}}]},"36":{"type":"branch","line":106,"loc":{"start":{"line":106,"column":41},"end":{"line":111,"column":9}},"locations":[{"start":{"line":106,"column":41},"end":{"line":111,"column":9}}]},"37":{"type":"branch","line":113,"loc":{"start":{"line":113,"column":42},"end":{"line":113,"column":64}},"locations":[{"start":{"line":113,"column":42},"end":{"line":113,"column":64}}]},"38":{"type":"branch","line":127,"loc":{"start":{"line":127,"column":30},"end":{"line":180,"column":2}},"locations":[{"start":{"line":127,"column":30},"end":{"line":180,"column":2}}]},"39":{"type":"branch","line":130,"loc":{"start":{"line":130,"column":62},"end":{"line":179,"column":3}},"locations":[{"start":{"line":130,"column":62},"end":{"line":179,"column":3}}]},"40":{"type":"branch","line":132,"loc":{"start":{"line":132,"column":24},"end":{"line":134,"column":11}},"locations":[{"start":{"line":132,"column":24},"end":{"line":134,"column":11}}]},"41":{"type":"branch","line":134,"loc":{"start":{"line":134,"column":4},"end":{"line":178,"column":5}},"locations":[{"start":{"line":134,"column":4},"end":{"line":178,"column":5}}]},"42":{"type":"branch","line":137,"loc":{"start":{"line":137,"column":31},"end":{"line":137,"column":45}},"locations":[{"start":{"line":137,"column":31},"end":{"line":137,"column":45}}]},"43":{"type":"branch","line":141,"loc":{"start":{"line":141,"column":31},"end":{"line":141,"column":42}},"locations":[{"start":{"line":141,"column":31},"end":{"line":141,"column":42}}]},"44":{"type":"branch","line":145,"loc":{"start":{"line":145,"column":31},"end":{"line":145,"column":45}},"locations":[{"start":{"line":145,"column":31},"end":{"line":145,"column":45}}]},"45":{"type":"branch","line":149,"loc":{"start":{"line":149,"column":31},"end":{"line":149,"column":49}},"locations":[{"start":{"line":149,"column":31},"end":{"line":149,"column":49}}]},"46":{"type":"branch","line":182,"loc":{"start":{"line":182,"column":27},"end":{"line":189,"column":2}},"locations":[{"start":{"line":182,"column":27},"end":{"line":189,"column":2}}]},"47":{"type":"branch","line":186,"loc":{"start":{"line":186,"column":11},"end":{"line":186,"column":61}},"locations":[{"start":{"line":186,"column":11},"end":{"line":186,"column":61}}]},"48":{"type":"branch","line":186,"loc":{"start":{"line":186,"column":55},"end":{"line":187,"column":14}},"locations":[{"start":{"line":186,"column":55},"end":{"line":187,"column":14}}]},"49":{"type":"branch","line":187,"loc":{"start":{"line":187,"column":6},"end":{"line":188,"column":20}},"locations":[{"start":{"line":187,"column":6},"end":{"line":188,"column":20}}]},"50":{"type":"branch","line":191,"loc":{"start":{"line":191,"column":33},"end":{"line":200,"column":2}},"locations":[{"start":{"line":191,"column":33},"end":{"line":200,"column":2}}]},"51":{"type":"branch","line":195,"loc":{"start":{"line":195,"column":41},"end":{"line":197,"column":9}},"locations":[{"start":{"line":195,"column":41},"end":{"line":197,"column":9}}]},"52":{"type":"branch","line":197,"loc":{"start":{"line":197,"column":2},"end":{"line":199,"column":3}},"locations":[{"start":{"line":197,"column":2},"end":{"line":199,"column":3}}]},"53":{"type":"branch","line":203,"loc":{"start":{"line":203,"column":29},"end":{"line":220,"column":2}},"locations":[{"start":{"line":203,"column":29},"end":{"line":220,"column":2}}]},"54":{"type":"branch","line":209,"loc":{"start":{"line":209,"column":28},"end":{"line":212,"column":3}},"locations":[{"start":{"line":209,"column":28},"end":{"line":212,"column":3}}]},"55":{"type":"branch","line":214,"loc":{"start":{"line":214,"column":24},"end":{"line":217,"column":3}},"locations":[{"start":{"line":214,"column":24},"end":{"line":217,"column":3}}]},"56":{"type":"branch","line":223,"loc":{"start":{"line":223,"column":24},"end":{"line":225,"column":2}},"locations":[{"start":{"line":223,"column":24},"end":{"line":225,"column":2}}]},"57":{"type":"branch","line":227,"loc":{"start":{"line":227,"column":20},"end":{"line":242,"column":2}},"locations":[{"start":{"line":227,"column":20},"end":{"line":242,"column":2}}]},"58":{"type":"branch","line":233,"loc":{"start":{"line":233,"column":2},"end":{"line":233,"column":26}},"locations":[{"start":{"line":233,"column":2},"end":{"line":233,"column":26}}]},"59":{"type":"branch","line":233,"loc":{"start":{"line":233,"column":26},"end":{"line":235,"column":3}},"locations":[{"start":{"line":233,"column":26},"end":{"line":235,"column":3}}]},"60":{"type":"branch","line":237,"loc":{"start":{"line":237,"column":21},"end":{"line":239,"column":3}},"locations":[{"start":{"line":237,"column":21},"end":{"line":239,"column":3}}]},"61":{"type":"branch","line":244,"loc":{"start":{"line":244,"column":26},"end":{"line":258,"column":2}},"locations":[{"start":{"line":244,"column":26},"end":{"line":258,"column":2}}]},"62":{"type":"branch","line":248,"loc":{"start":{"line":248,"column":6},"end":{"line":248,"column":33}},"locations":[{"start":{"line":248,"column":6},"end":{"line":248,"column":33}}]},"63":{"type":"branch","line":248,"loc":{"start":{"line":248,"column":33},"end":{"line":250,"column":3}},"locations":[{"start":{"line":248,"column":33},"end":{"line":250,"column":3}}]},"64":{"type":"branch","line":250,"loc":{"start":{"line":250,"column":2},"end":{"line":251,"column":34}},"locations":[{"start":{"line":250,"column":2},"end":{"line":251,"column":34}}]},"65":{"type":"branch","line":251,"loc":{"start":{"line":251,"column":7},"end":{"line":251,"column":34}},"locations":[{"start":{"line":251,"column":7},"end":{"line":251,"column":34}}]},"66":{"type":"branch","line":251,"loc":{"start":{"line":251,"column":34},"end":{"line":254,"column":34}},"locations":[{"start":{"line":251,"column":34},"end":{"line":254,"column":34}}]},"67":{"type":"branch","line":251,"loc":{"start":{"line":251,"column":34},"end":{"line":253,"column":3}},"locations":[{"start":{"line":251,"column":34},"end":{"line":253,"column":3}}]},"68":{"type":"branch","line":253,"loc":{"start":{"line":253,"column":2},"end":{"line":254,"column":23}},"locations":[{"start":{"line":253,"column":2},"end":{"line":254,"column":23}}]},"69":{"type":"branch","line":254,"loc":{"start":{"line":254,"column":6},"end":{"line":254,"column":34}},"locations":[{"start":{"line":254,"column":6},"end":{"line":254,"column":34}}]},"70":{"type":"branch","line":254,"loc":{"start":{"line":254,"column":34},"end":{"line":258,"column":2}},"locations":[{"start":{"line":254,"column":34},"end":{"line":258,"column":2}}]}},"b":{"0":[1],"1":[3],"2":[0],"3":[0],"4":[0],"5":[0],"6":[0],"7":[1],"8":[2],"9":[1],"10":[2],"11":[0],"12":[20],"13":[1],"14":[2],"15":[0],"16":[1],"17":[1],"18":[0],"19":[0],"20":[1],"21":[1],"22":[1],"23":[1],"24":[7],"25":[4],"26":[3],"27":[1],"28":[3],"29":[0],"30":[0],"31":[0],"32":[0],"33":[16],"34":[15],"35":[6],"36":[6],"37":[11],"38":[3],"39":[8],"40":[3],"41":[5],"42":[0],"43":[0],"44":[0],"45":[0],"46":[30],"47":[16],"48":[8],"49":[22],"50":[10],"51":[6],"52":[4],"53":[5],"54":[22],"55":[38],"56":[60],"57":[10],"58":[4],"59":[7],"60":[19],"61":[8],"62":[6],"63":[5],"64":[3],"65":[2],"66":[3],"67":[1],"68":[2],"69":[1],"70":[1]},"fnMap":{"0":{"name":"acmeSupplierDataConverter","decl":{"start":{"line":12,"column":66},"end":{"line":37,"column":2}},"loc":{"start":{"line":12,"column":66},"end":{"line":37,"column":2}},"line":12},"1":{"name":"patagoniaSupplierDataConverter","decl":{"start":{"line":39,"column":71},"end":{"line":74,"column":2}},"loc":{"start":{"line":39,"column":71},"end":{"line":74,"column":2}},"line":39},"2":{"name":"paperfliesSupplierDataConverter","decl":{"start":{"line":76,"column":72},"end":{"line":117,"column":2}},"loc":{"start":{"line":76,"column":72},"end":{"line":117,"column":2}},"line":76},"3":{"name":"mergeHotelData","decl":{"start":{"line":127,"column":30},"end":{"line":180,"column":2}},"loc":{"start":{"line":127,"column":30},"end":{"line":180,"column":2}},"line":127},"4":{"name":"mergeValueByLength","decl":{"start":{"line":182,"column":27},"end":{"line":189,"column":2}},"loc":{"start":{"line":182,"column":27},"end":{"line":189,"column":2}},"line":182},"5":{"name":"mergeLatitudeOrLongitude","decl":{"start":{"line":191,"column":33},"end":{"line":200,"column":2}},"loc":{"start":{"line":191,"column":33},"end":{"line":200,"column":2}},"line":191},"6":{"name":"mergeUniqueAmenities","decl":{"start":{"line":203,"column":29},"end":{"line":220,"column":2}},"loc":{"start":{"line":203,"column":29},"end":{"line":220,"column":2}},"line":203},"7":{"name":"normalizeString","decl":{"start":{"line":223,"column":24},"end":{"line":225,"column":2}},"loc":{"start":{"line":223,"column":24},"end":{"line":225,"column":2}},"line":223},"8":{"name":"mergeImages","decl":{"start":{"line":227,"column":20},"end":{"line":242,"column":2}},"loc":{"start":{"line":227,"column":20},"end":{"line":242,"column":2}},"line":227},"9":{"name":"mergeNotes","decl":{"start":{"line":244,"column":26},"end":{"line":258,"column":2}},"loc":{"start":{"line":244,"column":26},"end":{"line":258,"column":2}},"line":244}},"f":{"0":1,"1":1,"2":1,"3":3,"4":30,"5":10,"6":5,"7":60,"8":10,"9":8}}
,"/Users/ngwilliam/Documents/Interview/hotel-data-merge/src/utils/index.ts": {"path":"/Users/ngwilliam/Documents/Interview/hotel-data-merge/src/utils/index.ts","all":false,"statementMap":{"0":{"start":{"line":1,"column":0},"end":{"line":1,"column":30}}},"s":{"0":1},"branchMap":{},"b":{},"fnMap":{},"f":{}}
}
